<?xml version="1.0" encoding="UTF-8" ?>
<testsuite errors="0" failures="0" hostname="Wayne-HP" name="org.ga4gh.cts.api.reads.ReadGroupSetsSearchIT" skipped="3" tests="3" time="0.006" timestamp="2015-07-20T00:18:46">
  <properties>
[...]
</properties>
  <testcase classname="org.ga4gh.cts.api.reads.ReadGroupSetsSearchIT" name="goodReadgroupSetsNameShouldRetrieveOnlyMatchingReadGroupSets" time="0.0">
    <skipped />
  </testcase>
  <testcase classname="org.ga4gh.cts.api.reads.ReadGroupSetsSearchIT" name="badDatasetidInSearchReadGroupSetsRequestShouldReturnErrors" time="0.0">
    <skipped />
  </testcase>
  <testcase classname="org.ga4gh.cts.api.reads.ReadGroupSetsSearchIT" name="readgroupSetResponseForDumbDatasetidShouldBeEmpty" time="0.0">
    <skipped />
  </testcase>
  <system-out><![CDATA[]]></system-out>
  <system-err><![CDATA[]]></system-err>
</testsuite>
